{
  "RSpec": {
    "coverage": {
      "/Users/nataliamurashev/Dropbox/DevBootcamp/flashcards/user.rb": [
        1,
        null,
        1,
        1,
        null,
        1,
        3,
        null,
        null,
        1,
        2,
        76,
        76,
        76,
        76,
        null,
        null,
        null,
        null,
        null
      ],
      "/Users/nataliamurashev/Dropbox/DevBootcamp/flashcards/flashcard.rb": [
        1,
        1,
        null,
        1,
        null,
        1,
        76,
        76,
        76,
        null,
        null,
        1,
        0,
        0,
        null,
        null,
        null,
        1,
        0,
        null,
        null,
        null,
        null
      ]
    },
    "timestamp": 1340923796
  }
}
